// 重构日志: 3e50eaa3
// 重构日志: 6cde27ab
// 重构日志: 0c613f45
// 重构日志: 79167dab
// 同步 ID: a931c701 @ Sat Jun 20 16:45:04 UTC 2026
// 重构日志: 4fd0ee8a
// 同步 ID: 3c408b5a @ Tue Jun 23 09:21:14 UTC 2026
// 重构日志: e4bb913a
// 同步 ID: 84edeb88 @ Wed Jun 24 09:28:08 UTC 2026
// 同步 ID: 97f58021 @ Wed Jun 24 12:39:21 UTC 2026
// 重构日志: 7663ab76
// 重构日志: 663e152e
// 重构日志: a480173b
// 同步 ID: 749f65d3 @ Fri Jun 26 01:02:11 UTC 2026
// 同步 ID: 1991ab1a @ Fri Jun 26 10:40:34 UTC 2026
// 同步 ID: b3bbe4b7 @ Fri Jun 26 12:22:44 UTC 2026
// 同步 ID: de6b3879 @ Fri Jun 26 16:08:28 UTC 2026
// 重构日志: dcfa07b2
// 同步 ID: 956928c9 @ Sat Jun 27 10:51:40 UTC 2026
// 同步 ID: 3d942e6a @ Sat Jun 27 15:10:31 UTC 2026
// 重构日志: 0104dec7
// 重构日志: 9323b49d
// 同步 ID: 373d7172 @ Sun Jun 28 14:14:07 UTC 2026
// 同步 ID: 8de5e9d8 @ Sun Jun 28 17:53:33 UTC 2026
// 重构日志: 31f378b1
// 同步 ID: 35ae2606 @ Sat Jul  4 00:31:38 UTC 2026
// 重构日志: 3a91f68c
// 重构日志: 31a1e78d
// 同步 ID: c8e7a253 @ Sun Jul  5 05:10:15 UTC 2026
// 同步 ID: 26cdd5c4 @ Mon Jul  6 04:54:02 UTC 2026
